2024-07-30 13:13:52.964 INFO  [main][PortalContextLoaderListener:139] JVM arguments: -Djava.util.logging.config.file=/opt/liferay/tomcat/conf/logging.properties -Djava.util.logging.manager=org.apache.juli.ClassLoaderLogManager -Djdk.tls.ephemeralDHKeySize=2048 -Djava.protocol.handler.pkgs=org.apache.catalina.webresources -Dorg.apache.catalina.security.SecurityListener.UMASK=0027 -Dfile.encoding=UTF-8 -Djava.locale.providers=JRE,COMPAT,CLDR -Djava.net.preferIPv4Stack=true -Duser.timezone=GMT -Xms2560m -Xmx2560m -XX:MaxNewSize=1536m -XX:MaxMetaspaceSize=768m -XX:MetaspaceSize=768m -XX:NewSize=1536m -XX:SurvivorRatio=7 -Xms3g -Xmx4g -Dignore.endorsed.dirs= -Dcatalina.base=/opt/liferay/tomcat -Dcatalina.home=/opt/liferay/tomcat -Djava.io.tmpdir=/opt/liferay/tomcat/temp
2024-07-30 13:13:57.122 WARN  [main][DataSourceFactoryImpl:709] At attempt 1 of 5 in acquiring a JDBC connection after a 20 second 20
2024-07-30 13:14:17.304 INFO  [main][DataSourceFactoryImpl:695] Successfully acquired JDBC connection
2024-07-30 13:14:17.437 INFO  [main][DialectDetector:159] Using dialect org.hibernate.dialect.MySQLDialect for MySQL 8.0
2024-07-30 13:14:17.471 INFO  [main][DBInitUtil:179] Create tables and populate with default data
2024-07-30 13:14:38.673 INFO  [main][DataSourceFactoryImpl:695] Successfully acquired JDBC connection
2024-07-30 13:14:38.799 INFO  [main][ModuleFrameworkImpl:1604] Starting initial bundles
2024-07-30 13:14:39.936 INFO  [main][ModuleFrameworkImpl:1898] Started initial bundles
2024-07-30 13:14:39.936 INFO  [main][ModuleFrameworkImpl:1951] Starting dynamic bundles
2024-07-30 13:14:43.383 INFO  [Start Level: Equinox Container: 660e2227-12d8-4533-8f1c-41531cc9c4bc][UpgradeProcess:99] Upgrading com.liferay.portal.virtual.host.internal.activator.PortalVirtualHostImplBundleActivator$UpgradeVirtualHost
2024-07-30 13:14:43.399 INFO  [Start Level: Equinox Container: 660e2227-12d8-4533-8f1c-41531cc9c4bc][UpgradeProcess:113] Completed upgrade process com.liferay.portal.virtual.host.internal.activator.PortalVirtualHostImplBundleActivator$UpgradeVirtualHost in 16 ms
2024-07-30 13:14:43.440 INFO  [Start Level: Equinox Container: 660e2227-12d8-4533-8f1c-41531cc9c4bc][Policy:294] Attempting to load AntiSamy policy from an input stream.
2024-07-30 13:14:45.018 INFO  [main][ModuleFrameworkImpl:1973] Started dynamic bundles
2024-07-30 13:14:45.019 INFO  [main][ModuleFrameworkImpl:1980] Starting web bundles
2024-07-30 13:14:46.015 INFO  [main][ModuleFrameworkImpl:2034] Started web bundles
2024-07-30 13:14:46.016 INFO  [main][ModuleFrameworkImpl:410] Navigate to Control Panel > Configuration > Gogo Shell and enter "lb" to see all bundles
2024-07-30 13:14:50.301 INFO  [main][StartupHelper:79] The following patches are installed: dxp-20-7210
2024-07-30 13:14:51.126 INFO  [main][VerifyProcess:65] Verifying com.liferay.portal.verify.VerifyProcessSuite
2024-07-30 13:14:51.128 INFO  [main][VerifyProcess:65] Verifying com.liferay.portal.verify.VerifyProperties
2024-07-30 13:14:51.129 INFO  [main][LoggingTimer:83] Starting com.liferay.portal.verify.VerifyProperties#verifySystemProperties
2024-07-30 13:14:51.130 INFO  [main][LoggingTimer:43] Completed com.liferay.portal.verify.VerifyProperties#verifySystemProperties in 1 ms
2024-07-30 13:14:51.130 INFO  [main][LoggingTimer:83] Starting com.liferay.portal.verify.VerifyProperties#verifyPortalProperties
2024-07-30 13:14:51.135 INFO  [main][LoggingTimer:43] Completed com.liferay.portal.verify.VerifyProperties#verifyPortalProperties in 5 ms
2024-07-30 13:14:51.136 INFO  [main][LoggingTimer:83] Starting com.liferay.portal.verify.VerifyProperties#verifyDocumentLibrary
2024-07-30 13:14:51.137 INFO  [main][LoggingTimer:43] Completed com.liferay.portal.verify.VerifyProperties#verifyDocumentLibrary in 1 ms
2024-07-30 13:14:51.137 INFO  [main][VerifyProcess:80] Completed verification process com.liferay.portal.verify.VerifyProperties in 9 ms
2024-07-30 13:14:51.137 INFO  [main][VerifyProcess:65] Verifying com.liferay.portal.verify.VerifyPermission
2024-07-30 13:14:53.060 INFO  [main][VerifyProcess:80] Completed verification process com.liferay.portal.verify.VerifyPermission in 1923 ms
2024-07-30 13:14:53.061 INFO  [main][VerifyProcess:65] Verifying com.liferay.portal.verify.VerifyGroup
2024-07-30 13:14:53.061 INFO  [main][LoggingTimer:83] Starting com.liferay.portal.verify.VerifyGroup#verifyStagedGroups
2024-07-30 13:14:53.094 INFO  [main][LoggingTimer:43] Completed com.liferay.portal.verify.VerifyGroup#verifyStagedGroups in 33 ms
2024-07-30 13:14:53.094 INFO  [main][VerifyProcess:80] Completed verification process com.liferay.portal.verify.VerifyGroup in 34 ms
2024-07-30 13:14:53.095 INFO  [main][VerifyProcess:65] Verifying com.liferay.portal.verify.VerifyAuditedModel
2024-07-30 13:14:53.097 INFO  [main][LoggingTimer:83] Starting com.liferay.portal.verify.VerifyAuditedModel#verifyAuditedModel#LayoutFriendlyURL
2024-07-30 13:14:53.105 INFO  [main][LoggingTimer:43] Completed com.liferay.portal.verify.VerifyAuditedModel#verifyAuditedModel#LayoutFriendlyURL in 8 ms
2024-07-30 13:14:53.106 INFO  [main][VerifyProcess:80] Completed verification process com.liferay.portal.verify.VerifyAuditedModel in 11 ms
2024-07-30 13:14:53.106 INFO  [main][VerifyProcess:65] Verifying com.liferay.portal.verify.VerifyResourceActions
2024-07-30 13:14:53.106 INFO  [main][LoggingTimer:83] Starting com.liferay.portal.verify.VerifyResourceActions#deleteDuplicateBitwiseValuesOnResource
2024-07-30 13:14:53.108 INFO  [main][LoggingTimer:43] Completed com.liferay.portal.verify.VerifyResourceActions#deleteDuplicateBitwiseValuesOnResource in 2 ms
2024-07-30 13:14:53.108 INFO  [main][VerifyProcess:80] Completed verification process com.liferay.portal.verify.VerifyResourceActions in 2 ms
2024-07-30 13:14:53.109 INFO  [main][VerifyProcess:65] Verifying com.liferay.portal.verify.VerifyResourcePermissions
2024-07-30 13:14:53.112 INFO  [main][VerifyProcess:80] Completed verification process com.liferay.portal.verify.VerifyResourcePermissions in 3 ms
2024-07-30 13:14:53.112 INFO  [main][VerifyProcess:65] Verifying com.liferay.portal.verify.VerifyUser
2024-07-30 13:14:53.112 INFO  [main][LoggingTimer:83] Starting com.liferay.portal.verify.VerifyUser#verifyInactive
2024-07-30 13:14:53.113 INFO  [main][LoggingTimer:43] Completed com.liferay.portal.verify.VerifyUser#verifyInactive in 1 ms
2024-07-30 13:14:53.114 INFO  [main][VerifyProcess:80] Completed verification process com.liferay.portal.verify.VerifyUser in 2 ms
2024-07-30 13:14:53.114 INFO  [main][VerifyProcess:80] Completed verification process com.liferay.portal.verify.VerifyProcessSuite in 1988 ms
2024-07-30 13:14:53.160 INFO  [main][LicenseManager:?] Failed to find directory /opt/liferay/data/license
2024-07-30 13:14:53.160 INFO  [main][LicenseManager:?] No binary licenses found
2024-07-30 13:14:53.450 INFO  [main][AutoDeployDir:206] Auto deploy scanner started for /opt/liferay/deploy
2024-07-30 13:14:58.042 INFO  [main][ThemeHotDeployListener:108] 1 theme for admin-theme is available for use
2024-07-30 13:14:58.156 INFO  [main][ThemeHotDeployListener:108] 1 theme for classic-theme is available for use
2024-07-30 13:14:58.929 INFO  [main][UpgradeProcess:99] Upgrading com.liferay.portal.security.sso.token.internal.upgrade.v2_0_0.UpgradeTokenConfiguration
2024-07-30 13:14:58.935 INFO  [main][UpgradeProcess:113] Completed upgrade process com.liferay.portal.security.sso.token.internal.upgrade.v2_0_0.UpgradeTokenConfiguration in 6 ms
2024-07-30 13:14:59.002 INFO  [main][UpgradeProcess:99] Upgrading com.liferay.portal.security.audit.storage.internal.upgrade.AuditStorageServiceUpgrade$1
2024-07-30 13:14:59.003 INFO  [main][UpgradeProcess:113] Completed upgrade process com.liferay.portal.security.audit.storage.internal.upgrade.AuditStorageServiceUpgrade$1 in 1 ms
2024-07-30 13:14:59.550 INFO  [main][UpgradeProcess:99] Upgrading com.liferay.portal.workflow.kaleo.forms.web.internal.upgrade.v1_0_3.UpgradeLayoutTypeSettings
2024-07-30 13:14:59.557 INFO  [main][UpgradeProcess:113] Completed upgrade process com.liferay.portal.workflow.kaleo.forms.web.internal.upgrade.v1_0_3.UpgradeLayoutTypeSettings in 7 ms
2024-07-30 13:15:00.078 INFO  [main][UpgradeProcess:99] Upgrading com.liferay.analytics.settings.web.internal.upgrade.v1_0_0.UpgradeAnalyticsConfigurationPreferences
2024-07-30 13:15:00.079 INFO  [main][UpgradeProcess:113] Completed upgrade process com.liferay.analytics.settings.web.internal.upgrade.v1_0_0.UpgradeAnalyticsConfigurationPreferences in 1 ms
2024-07-30 13:15:00.097 INFO  [main][UpgradeProcess:99] Upgrading com.liferay.analytics.settings.web.internal.upgrade.v1_0_1.UpgradeAnalyticsConfigurationPreferences
2024-07-30 13:15:00.098 INFO  [main][UpgradeProcess:113] Completed upgrade process com.liferay.analytics.settings.web.internal.upgrade.v1_0_1.UpgradeAnalyticsConfigurationPreferences in 1 ms
2024-07-30 13:15:00.155 INFO  [main][UpgradeProcess:99] Upgrading com.liferay.layout.internal.upgrade.v1_0_0.UpgradeLayoutPermissions
2024-07-30 13:15:00.156 INFO  [main][LoggingTimer:83] Starting com.liferay.layout.internal.upgrade.v1_0_0.UpgradeLayoutPermissions#doUpgrade
2024-07-30 13:15:00.156 INFO  [main][LoggingTimer:43] Completed com.liferay.layout.internal.upgrade.v1_0_0.UpgradeLayoutPermissions#doUpgrade in 0 ms
2024-07-30 13:15:00.157 INFO  [main][UpgradeProcess:113] Completed upgrade process com.liferay.layout.internal.upgrade.v1_0_0.UpgradeLayoutPermissions in 2 ms
2024-07-30 13:15:00.196 INFO  [main][UpgradeProcess:99] Upgrading com.liferay.layout.internal.upgrade.v1_0_1.UpgradeLayoutAsset
2024-07-30 13:15:00.205 INFO  [main][UpgradeProcess:113] Completed upgrade process com.liferay.layout.internal.upgrade.v1_0_1.UpgradeLayoutAsset in 9 ms
2024-07-30 13:15:00.319 INFO  [main][UpgradeProcess:99] Upgrading com.liferay.document.library.asset.auto.tagger.tensorflow.internal.upgrade.v0_0_2.UpgradeTensorFlowModel
2024-07-30 13:15:00.328 INFO  [main][UpgradeProcess:113] Completed upgrade process com.liferay.document.library.asset.auto.tagger.tensorflow.internal.upgrade.v0_0_2.UpgradeTensorFlowModel in 9 ms
2024-07-30 13:15:00.422 INFO  [main][UpgradeProcess:99] Upgrading com.liferay.dynamic.data.mapping.form.web.internal.upgrade.v1_0_0.UpgradeDDMFormAdminPortletId
2024-07-30 13:15:00.423 INFO  [main][LoggingTimer:83] Starting com.liferay.portal.kernel.upgrade.BaseUpgradePortletId#upgradeInstanceablePortletIds
2024-07-30 13:15:00.429 INFO  [main][LoggingTimer:43] Completed com.liferay.portal.kernel.upgrade.BaseUpgradePortletId#upgradeInstanceablePortletIds in 6 ms
2024-07-30 13:15:00.430 INFO  [main][LoggingTimer:83] Starting com.liferay.portal.kernel.upgrade.BaseUpgradePortletId#upgradeUninstanceablePortletIds
2024-07-30 13:15:00.430 INFO  [main][LoggingTimer:43] Completed com.liferay.portal.kernel.upgrade.BaseUpgradePortletId#upgradeUninstanceablePortletIds in 0 ms
2024-07-30 13:15:00.430 INFO  [main][UpgradeProcess:113] Completed upgrade process com.liferay.dynamic.data.mapping.form.web.internal.upgrade.v1_0_0.UpgradeDDMFormAdminPortletId in 8 ms
2024-07-30 13:15:00.444 INFO  [main][UpgradeProcess:99] Upgrading com.liferay.dynamic.data.mapping.form.web.internal.upgrade.v1_0_0.UpgradeDDMFormPortletId
2024-07-30 13:15:00.445 INFO  [main][LoggingTimer:83] Starting com.liferay.portal.kernel.upgrade.BaseUpgradePortletId#upgradeInstanceablePortletIds
2024-07-30 13:15:00.449 INFO  [main][LoggingTimer:43] Completed com.liferay.portal.kernel.upgrade.BaseUpgradePortletId#upgradeInstanceablePortletIds in 4 ms
2024-07-30 13:15:00.449 INFO  [main][LoggingTimer:83] Starting com.liferay.portal.kernel.upgrade.BaseUpgradePortletId#upgradeUninstanceablePortletIds
2024-07-30 13:15:00.450 INFO  [main][LoggingTimer:43] Completed com.liferay.portal.kernel.upgrade.BaseUpgradePortletId#upgradeUninstanceablePortletIds in 1 ms
2024-07-30 13:15:00.450 INFO  [main][UpgradeProcess:113] Completed upgrade process com.liferay.dynamic.data.mapping.form.web.internal.upgrade.v1_0_0.UpgradeDDMFormPortletId in 6 ms
2024-07-30 13:15:00.456 INFO  [main][UpgradeProcess:99] Upgrading com.liferay.dynamic.data.mapping.form.web.internal.upgrade.v1_0_0.UpgradeDDMFormPortletPreferences
2024-07-30 13:15:00.457 INFO  [main][LoggingTimer:83] Starting com.liferay.portal.kernel.upgrade.BaseUpgradePortletPreferences#updatePortletPreferences
2024-07-30 13:15:00.457 INFO  [main][LoggingTimer:43] Completed com.liferay.portal.kernel.upgrade.BaseUpgradePortletPreferences#updatePortletPreferences in 0 ms
2024-07-30 13:15:00.457 INFO  [main][UpgradeProcess:113] Completed upgrade process com.liferay.dynamic.data.mapping.form.web.internal.upgrade.v1_0_0.UpgradeDDMFormPortletPreferences in 1 ms
2024-07-30 13:15:06.451 INFO  [com.liferay.portal.kernel.deploy.auto.AutoDeployScanner][AutoDeployDir:272] Processing trial-dxp-license-1708549438000.xml
2024-07-30 13:15:07.996 INFO  [Portal Dependency Manager Component Executor--1][UpgradeProcess:99] Upgrading com.liferay.segments.content.targeting.upgrade.internal.v1_0_0.UpgradeContentTargeting
2024-07-30 13:15:07.999 INFO  [Portal Dependency Manager Component Executor--1][UpgradeProcess:113] Completed upgrade process com.liferay.segments.content.targeting.upgrade.internal.v1_0_0.UpgradeContentTargeting in 3 ms
2024-07-30 13:15:16.059 ERROR [fileinstall-directory-watcher][LicenseManager:?] DXP Development license is expired
2024-07-30 13:15:16.060 INFO  [fileinstall-directory-watcher][LicenseManager:?] License registered for DXP Development
2024-07-30 13:15:29.803 INFO  [main][VerifyProcess:65] Verifying com.liferay.portal.scheduler.internal.verify.SchedulerHelperPropertiesVerifyProcess
2024-07-30 13:15:29.803 INFO  [main][LoggingTimer:83] Starting com.liferay.portal.scheduler.internal.verify.SchedulerHelperPropertiesVerifyProcess#upgradeConfiguration
2024-07-30 13:15:29.803 INFO  [main][LoggingTimer:43] Completed com.liferay.portal.scheduler.internal.verify.SchedulerHelperPropertiesVerifyProcess#upgradeConfiguration in 0 ms
2024-07-30 13:15:29.804 INFO  [main][VerifyProcess:80] Completed verification process com.liferay.portal.scheduler.internal.verify.SchedulerHelperPropertiesVerifyProcess in 1 ms
2024-07-30 13:15:29.812 INFO  [main][VerifyProcess:65] Verifying com.liferay.portal.security.sso.facebook.connect.internal.verify.FacebookConnectCompanySettingsVerifyProcess
2024-07-30 13:15:29.812 INFO  [main][LoggingTimer:83] Starting com.liferay.portal.verify.BaseCompanySettingsVerifyProcess#verifyProperties
2024-07-30 13:15:29.815 INFO  [main][BaseCompanySettingsVerifyProcess:128] Removing preference keys [facebook.connect.app.secret, facebook.connect.graph.url, facebook.connect.oauth.auth.url, facebook.connect.app.id, facebook.connect.oauth.redirect.url, facebook.connect.oauth.token.url, facebook.auth.enabled, facebook.connect.verified.account.required] for company 20101
2024-07-30 13:15:29.818 INFO  [main][LoggingTimer:43] Completed com.liferay.portal.verify.BaseCompanySettingsVerifyProcess#verifyProperties in 6 ms
2024-07-30 13:15:29.818 INFO  [main][VerifyProcess:80] Completed verification process com.liferay.portal.security.sso.facebook.connect.internal.verify.FacebookConnectCompanySettingsVerifyProcess in 6 ms
2024-07-30 13:15:29.827 INFO  [main][VerifyProcess:65] Verifying com.liferay.portal.security.sso.opensso.internal.verify.OpenSSOCompanySettingsVerifyProcess
2024-07-30 13:15:29.828 INFO  [main][LoggingTimer:83] Starting com.liferay.portal.verify.BaseCompanySettingsVerifyProcess#verifyProperties
2024-07-30 13:15:29.829 INFO  [main][BaseCompanySettingsVerifyProcess:128] Removing preference keys [open.sso.last.name.attr, open.sso.auth.enabled, open.sso.ldap.import.enabled, open.sso.email.address.attr, open.sso.service.url, open.sso.first.name.attr, open.sso.login.url, open.sso.logout.url, open.sso.screen.name.attr, open.sso.logout.on.session.expiration] for company 20101
2024-07-30 13:15:29.830 INFO  [main][LoggingTimer:43] Completed com.liferay.portal.verify.BaseCompanySettingsVerifyProcess#verifyProperties in 2 ms
2024-07-30 13:15:29.830 INFO  [main][VerifyProcess:80] Completed verification process com.liferay.portal.security.sso.opensso.internal.verify.OpenSSOCompanySettingsVerifyProcess in 3 ms
2024-07-30 13:15:29.838 INFO  [main][VerifyProcess:65] Verifying com.liferay.portal.security.sso.cas.internal.verify.CASCompanySettingsVerifyProcess
2024-07-30 13:15:29.838 INFO  [main][LoggingTimer:83] Starting com.liferay.portal.verify.BaseCompanySettingsVerifyProcess#verifyProperties
2024-07-30 13:15:29.840 INFO  [main][BaseCompanySettingsVerifyProcess:128] Removing preference keys [cas.logout.url, cas.no.such.user.redirect.url, cas.server.name, cas.server.url, cas.service.url, cas.import.from.ldap, cas,logout.on.session.expiration, cas.auth.enabled, cas.login.url] for company 20101
2024-07-30 13:15:29.841 INFO  [main][LoggingTimer:43] Completed com.liferay.portal.verify.BaseCompanySettingsVerifyProcess#verifyProperties in 3 ms
2024-07-30 13:15:29.842 INFO  [main][VerifyProcess:80] Completed verification process com.liferay.portal.security.sso.cas.internal.verify.CASCompanySettingsVerifyProcess in 4 ms
2024-07-30 13:15:29.855 INFO  [main][VerifyProcess:65] Verifying com.liferay.exportimport.internal.verify.system.event.SystemEventVerifyProcess
2024-07-30 13:15:29.859 INFO  [main][VerifyProcess:80] Completed verification process com.liferay.exportimport.internal.verify.system.event.SystemEventVerifyProcess in 4 ms
2024-07-30 13:15:29.867 INFO  [main][VerifyProcess:65] Verifying com.liferay.portal.security.ldap.internal.verify.LDAPPropertiesVerifyProcess
2024-07-30 13:15:29.867 INFO  [main][LoggingTimer:83] Starting com.liferay.portal.security.ldap.internal.verify.LDAPPropertiesVerifyProcess#verifyLDAPProperties
2024-07-30 13:15:29.868 INFO  [main][LoggingTimer:43] Completed com.liferay.portal.security.ldap.internal.verify.LDAPPropertiesVerifyProcess#verifyLDAPProperties in 1 ms
2024-07-30 13:15:29.868 INFO  [main][VerifyProcess:80] Completed verification process com.liferay.portal.security.ldap.internal.verify.LDAPPropertiesVerifyProcess in 1 ms
2024-07-30 13:15:29.879 INFO  [main][VerifyProcess:65] Verifying com.liferay.mobile.device.rules.internal.verify.MDRServiceVerifyProcess
2024-07-30 13:15:29.880 INFO  [main][LoggingTimer:83] Starting com.liferay.portal.verify.VerifyResourcePermissions#_verifyResourcedModel#MDRRuleGroupInstance
2024-07-30 13:15:29.881 INFO  [main][LoggingTimer:43] Completed com.liferay.portal.verify.VerifyResourcePermissions#_verifyResourcedModel#MDRRuleGroupInstance in 1 ms
2024-07-30 13:15:29.882 INFO  [main][LoggingTimer:83] Starting com.liferay.portal.verify.VerifyResourcePermissions#_verifyResourcedModel#MDRRuleGroup
2024-07-30 13:15:29.883 INFO  [main][LoggingTimer:43] Completed com.liferay.portal.verify.VerifyResourcePermissions#_verifyResourcedModel#MDRRuleGroup in 1 ms
2024-07-30 13:15:29.883 INFO  [main][VerifyProcess:80] Completed verification process com.liferay.mobile.device.rules.internal.verify.MDRServiceVerifyProcess in 4 ms
2024-07-30 13:15:29.895 INFO  [main][VerifyProcess:65] Verifying com.liferay.portal.security.service.access.policy.internal.verify.SAPServiceVerifyProcess
2024-07-30 13:15:29.896 INFO  [main][LoggingTimer:83] Starting com.liferay.portal.security.service.access.policy.internal.verify.SAPServiceVerifyProcess#verifyDefaultSAPEntry
2024-07-30 13:15:29.926 INFO  [main][LoggingTimer:43] Completed com.liferay.portal.security.service.access.policy.internal.verify.SAPServiceVerifyProcess#verifyDefaultSAPEntry in 30 ms
2024-07-30 13:15:29.926 INFO  [main][VerifyProcess:80] Completed verification process com.liferay.portal.security.service.access.policy.internal.verify.SAPServiceVerifyProcess in 31 ms
2024-07-30 13:15:29.933 INFO  [main][VerifyProcess:65] Verifying com.liferay.message.boards.internal.verify.MessageBoardsServiceVerifyProcess
2024-07-30 13:15:29.934 INFO  [main][LoggingTimer:83] Starting com.liferay.message.boards.internal.verify.MessageBoardsServiceVerifyProcess#verifyGroupedModels
2024-07-30 13:15:29.936 INFO  [pool-6-thread-1][LoggingTimer:83] Starting com.liferay.portal.verify.VerifyGroupedModel#verifyGroupedModel#MBDiscussion
2024-07-30 13:15:29.936 INFO  [pool-6-thread-2][LoggingTimer:83] Starting com.liferay.portal.verify.VerifyGroupedModel#verifyGroupedModel#MBThreadFlag
2024-07-30 13:15:29.937 INFO  [pool-6-thread-1][LoggingTimer:43] Completed com.liferay.portal.verify.VerifyGroupedModel#verifyGroupedModel#MBDiscussion in 1 ms
2024-07-30 13:15:29.938 INFO  [pool-6-thread-2][LoggingTimer:43] Completed com.liferay.portal.verify.VerifyGroupedModel#verifyGroupedModel#MBThreadFlag in 2 ms
2024-07-30 13:15:29.938 INFO  [main][LoggingTimer:43] Completed com.liferay.message.boards.internal.verify.MessageBoardsServiceVerifyProcess#verifyGroupedModels in 4 ms
2024-07-30 13:15:29.938 INFO  [main][VerifyProcess:80] Completed verification process com.liferay.message.boards.internal.verify.MessageBoardsServiceVerifyProcess in 5 ms
2024-07-30 13:15:33.595 INFO  [main][SystemCheckOSGiCommands:55] System check is enabled. You can run a system check with the command "system:check" in Gogo shell.
2024-07-30 13:15:38.199 INFO  [Portal Dependency Manager Component Executor--1][VerifyProcess:65] Verifying com.liferay.document.library.internal.verify.DLServiceVerifyProcess
2024-07-30 13:15:38.200 INFO  [Portal Dependency Manager Component Executor--1][LoggingTimer:83] Starting com.liferay.document.library.internal.verify.DLServiceVerifyProcess#checkDLFileEntryMetadata
2024-07-30 13:15:38.204 INFO  [Portal Dependency Manager Component Executor--1][LoggingTimer:43] Completed com.liferay.document.library.internal.verify.DLServiceVerifyProcess#checkDLFileEntryMetadata in 4 ms
2024-07-30 13:15:38.205 INFO  [Portal Dependency Manager Component Executor--1][LoggingTimer:83] Starting com.liferay.document.library.internal.verify.DLServiceVerifyProcess#checkMimeTypes
2024-07-30 13:15:38.207 INFO  [Portal Dependency Manager Component Executor--1][LoggingTimer:43] Completed com.liferay.document.library.internal.verify.DLServiceVerifyProcess#checkMimeTypes in 2 ms
2024-07-30 13:15:38.207 INFO  [Portal Dependency Manager Component Executor--1][LoggingTimer:83] Starting com.liferay.document.library.internal.verify.DLServiceVerifyProcess#updateClassNameId
2024-07-30 13:15:38.208 INFO  [Portal Dependency Manager Component Executor--1][LoggingTimer:43] Completed com.liferay.document.library.internal.verify.DLServiceVerifyProcess#updateClassNameId in 1 ms
2024-07-30 13:15:38.208 INFO  [Portal Dependency Manager Component Executor--1][LoggingTimer:83] Starting com.liferay.document.library.internal.verify.DLServiceVerifyProcess#updateFileEntryAssets
2024-07-30 13:15:38.210 INFO  [Portal Dependency Manager Component Executor--1][LoggingTimer:43] Completed com.liferay.document.library.internal.verify.DLServiceVerifyProcess#updateFileEntryAssets in 2 ms
2024-07-30 13:15:38.210 INFO  [Portal Dependency Manager Component Executor--1][LoggingTimer:83] Starting com.liferay.document.library.internal.verify.DLServiceVerifyProcess#updateFolderAssets
2024-07-30 13:15:38.240 INFO  [Portal Dependency Manager Component Executor--1][LoggingTimer:43] Completed com.liferay.document.library.internal.verify.DLServiceVerifyProcess#updateFolderAssets in 30 ms
2024-07-30 13:15:38.241 INFO  [Portal Dependency Manager Component Executor--1][VerifyProcess:80] Completed verification process com.liferay.document.library.internal.verify.DLServiceVerifyProcess in 42 ms
2024-07-30 13:15:39.199 INFO  [Portal Dependency Manager Component Executor--1][UpgradeProcess:99] Upgrading com.liferay.portal.workflow.kaleo.designer.web.internal.upgrade.v1_0_1.UpgradeKaleoDefinitionVersion
2024-07-30 13:15:39.201 INFO  [Portal Dependency Manager Component Executor--1][UpgradeProcess:113] Completed upgrade process com.liferay.portal.workflow.kaleo.designer.web.internal.upgrade.v1_0_1.UpgradeKaleoDefinitionVersion in 2 ms
2024-07-30 13:15:39.220 INFO  [Portal Dependency Manager Component Executor--1][UpgradeProcess:99] Upgrading com.liferay.portal.workflow.kaleo.designer.web.internal.upgrade.v1_0_2.UpgradeKaleoDefinition
2024-07-30 13:15:39.222 INFO  [Portal Dependency Manager Component Executor--1][UpgradeProcess:113] Completed upgrade process com.liferay.portal.workflow.kaleo.designer.web.internal.upgrade.v1_0_2.UpgradeKaleoDefinition in 2 ms
2024-07-30 13:15:39.248 INFO  [Portal Dependency Manager Component Executor--1][VerifyProcess:65] Verifying com.liferay.portal.workflow.kaleo.designer.web.internal.verify.KaleoDesignerWebVerifyProcess
2024-07-30 13:15:39.249 INFO  [Portal Dependency Manager Component Executor--1][LoggingTimer:83] Starting com.liferay.portal.workflow.kaleo.designer.web.internal.verify.KaleoDesignerWebVerifyProcess#verifyKaleoDefinitionVersions
2024-07-30 13:15:39.253 INFO  [Portal Dependency Manager Component Executor--1][LoggingTimer:43] Completed com.liferay.portal.workflow.kaleo.designer.web.internal.verify.KaleoDesignerWebVerifyProcess#verifyKaleoDefinitionVersions in 4 ms
2024-07-30 13:15:39.253 INFO  [Portal Dependency Manager Component Executor--1][VerifyProcess:80] Completed verification process com.liferay.portal.workflow.kaleo.designer.web.internal.verify.KaleoDesignerWebVerifyProcess in 5 ms
2024-07-30 13:15:43.775 INFO  [Portal Dependency Manager Component Executor--1][VerifyProcess:65] Verifying com.liferay.dynamic.data.mapping.verify.DDMServiceVerifyProcess
2024-07-30 13:15:43.776 INFO  [Portal Dependency Manager Component Executor--1][LoggingTimer:83] Starting com.liferay.dynamic.data.mapping.verify.DDMServiceVerifyProcess#verifyStructures
2024-07-30 13:15:43.797 INFO  [Portal Dependency Manager Component Executor--1][LoggingTimer:43] Completed com.liferay.dynamic.data.mapping.verify.DDMServiceVerifyProcess#verifyStructures in 21 ms
2024-07-30 13:15:43.797 INFO  [Portal Dependency Manager Component Executor--1][LoggingTimer:83] Starting com.liferay.dynamic.data.mapping.verify.DDMServiceVerifyProcess#verifyStructureLinks
2024-07-30 13:15:43.798 INFO  [Portal Dependency Manager Component Executor--1][LoggingTimer:43] Completed com.liferay.dynamic.data.mapping.verify.DDMServiceVerifyProcess#verifyStructureLinks in 1 ms
2024-07-30 13:15:43.799 INFO  [Portal Dependency Manager Component Executor--1][LoggingTimer:83] Starting com.liferay.dynamic.data.mapping.verify.DDMServiceVerifyProcess#verifyTemplateLinks
2024-07-30 13:15:43.799 INFO  [Portal Dependency Manager Component Executor--1][LoggingTimer:43] Completed com.liferay.dynamic.data.mapping.verify.DDMServiceVerifyProcess#verifyTemplateLinks in 0 ms
2024-07-30 13:15:43.799 INFO  [Portal Dependency Manager Component Executor--1][LoggingTimer:83] Starting com.liferay.dynamic.data.mapping.verify.DDMServiceVerifyProcess#verifyContents
2024-07-30 13:15:43.802 INFO  [Portal Dependency Manager Component Executor--1][LoggingTimer:43] Completed com.liferay.dynamic.data.mapping.verify.DDMServiceVerifyProcess#verifyContents in 3 ms
2024-07-30 13:15:43.802 INFO  [Portal Dependency Manager Component Executor--1][VerifyProcess:80] Completed verification process com.liferay.dynamic.data.mapping.verify.DDMServiceVerifyProcess in 27 ms
2024-07-30 13:15:43.956 INFO  [Portal Dependency Manager Component Executor--1][UpgradeProcess:99] Upgrading com.liferay.adaptive.media.document.library.thumbnails.internal.upgrade.v1_0_0.UpgradeDocumentLibraryThumbnailsConfiguration
2024-07-30 13:15:43.956 INFO  [Portal Dependency Manager Component Executor--1][LoggingTimer:83] Starting com.liferay.adaptive.media.document.library.thumbnails.internal.upgrade.v1_0_0.UpgradeDocumentLibraryThumbnailsConfiguration#doUpgrade
2024-07-30 13:15:43.983 INFO  [Portal Dependency Manager Component Executor--1][LoggingTimer:43] Completed com.liferay.adaptive.media.document.library.thumbnails.internal.upgrade.v1_0_0.UpgradeDocumentLibraryThumbnailsConfiguration#doUpgrade in 27 ms
2024-07-30 13:15:43.984 INFO  [Portal Dependency Manager Component Executor--1][UpgradeProcess:113] Completed upgrade process com.liferay.adaptive.media.document.library.thumbnails.internal.upgrade.v1_0_0.UpgradeDocumentLibraryThumbnailsConfiguration in 28 ms
2024-07-30 13:15:44.315 INFO  [Portal Dependency Manager Component Executor--1][VerifyProcess:65] Verifying com.liferay.polls.internal.verify.PollsServiceVerifyProcess
2024-07-30 13:15:44.316 INFO  [Portal Dependency Manager Component Executor--1][LoggingTimer:83] Starting com.liferay.polls.internal.verify.PollsServiceVerifyProcess#verifyGroupedModels
2024-07-30 13:15:44.316 INFO  [pool-9-thread-1][LoggingTimer:83] Starting com.liferay.portal.verify.VerifyGroupedModel#verifyGroupedModel#PollsChoice
2024-07-30 13:15:44.317 INFO  [pool-9-thread-1][LoggingTimer:43] Completed com.liferay.portal.verify.VerifyGroupedModel#verifyGroupedModel#PollsChoice in 1 ms
2024-07-30 13:15:44.317 INFO  [pool-10-thread-1][LoggingTimer:83] Starting com.liferay.portal.verify.VerifyGroupedModel#verifyGroupedModel#PollsVote
2024-07-30 13:15:44.318 INFO  [pool-10-thread-1][LoggingTimer:43] Completed com.liferay.portal.verify.VerifyGroupedModel#verifyGroupedModel#PollsVote in 1 ms
2024-07-30 13:15:44.318 INFO  [Portal Dependency Manager Component Executor--1][LoggingTimer:43] Completed com.liferay.polls.internal.verify.PollsServiceVerifyProcess#verifyGroupedModels in 2 ms
2024-07-30 13:15:44.319 INFO  [Portal Dependency Manager Component Executor--1][VerifyProcess:80] Completed verification process com.liferay.polls.internal.verify.PollsServiceVerifyProcess in 4 ms
2024-07-30 13:24:42.510 INFO  [com.liferay.portal.kernel.deploy.auto.AutoDeployScanner][AutoDeployDir:272] Processing activation-key-digitalenterprisedevelopment-7.2-liferaycom.xml
2024-07-30 13:24:51.319 ERROR [fileinstall-directory-watcher][LicenseManager:?] DXP Development license is expired
2024-07-30 13:24:51.320 INFO  [fileinstall-directory-watcher][LicenseManager:?] DXP Development license validation passed
2024-07-30 13:24:51.320 INFO  [fileinstall-directory-watcher][LicenseManager:?] License registered for DXP Development
